<?xml version="1.0" encoding="UTF-8" ?>
<testsuite tests="7" failures="1" name="firstapp.mvc.AccountControllerTest" time="1.424" errors="0" skipped="0">
  <properties>
[...]
</properties>
  <testcase classname="firstapp.mvc.AccountControllerTest" name="createBlogNonExistingAccount" time="1.05"/>
  <testcase classname="firstapp.mvc.AccountControllerTest" name="getExistingAccount" time="0.177">
    <failure message="No value for JSON path: $.password, exception: No results for path: $[&apos;password&apos;]" type="java.lang.AssertionError">java.lang.AssertionError: No value for JSON path: $.password, exception: No results for path: $[&apos;password&apos;]
	at org.springframework.test.util.JsonPathExpectationsHelper.evaluateJsonPath(JsonPathExpectationsHelper.java:101)
	at org.springframework.test.util.JsonPathExpectationsHelper.assertValue(JsonPathExpectationsHelper.java:91)
	at org.springframework.test.web.servlet.result.JsonPathResultMatchers$1.match(JsonPathResultMatchers.java:56)
	at org.springframework.test.web.servlet.MockMvc$1.andExpect(MockMvc.java:152)
	at firstapp.mvc.AccountControllerTest.getExistingAccount(AccountControllerTest.java:141)
	at sun.reflect.NativeMethodAccessorImpl.invoke0(Native Method)
	at sun.reflect.NativeMethodAccessorImpl.invoke(NativeMethodAccessorImpl.java:62)
	at sun.reflect.DelegatingMethodAccessorImpl.invoke(DelegatingMethodAccessorImpl.java:43)
	at java.lang.reflect.Method.invoke(Method.java:483)
	at org.junit.runners.model.FrameworkMethod$1.runReflectiveCall(FrameworkMethod.java:50)
	at org.junit.internal.runners.model.ReflectiveCallable.run(ReflectiveCallable.java:12)
	at org.junit.runners.model.FrameworkMethod.invokeExplosively(FrameworkMethod.java:47)
	at org.junit.internal.runners.statements.InvokeMethod.evaluate(InvokeMethod.java:17)
	at org.junit.internal.runners.statements.RunBefores.evaluate(RunBefores.java:26)
	at org.junit.runners.ParentRunner.runLeaf(ParentRunner.java:325)
	at org.junit.runners.BlockJUnit4ClassRunner.runChild(BlockJUnit4ClassRunner.java:78)
	at org.junit.runners.BlockJUnit4ClassRunner.runChild(BlockJUnit4ClassRunner.java:57)
	at org.junit.runners.ParentRunner$3.run(ParentRunner.java:290)
	at org.junit.runners.ParentRunner$1.schedule(ParentRunner.java:71)
	at org.junit.runners.ParentRunner.runChildren(ParentRunner.java:288)
	at org.junit.runners.ParentRunner.access$000(ParentRunner.java:58)
	at org.junit.runners.ParentRunner$2.evaluate(ParentRunner.java:268)
	at org.junit.runners.ParentRunner.run(ParentRunner.java:363)
	at org.apache.maven.surefire.junit4.JUnit4Provider.execute(JUnit4Provider.java:252)
	at org.apache.maven.surefire.junit4.JUnit4Provider.executeTestSet(JUnit4Provider.java:141)
	at org.apache.maven.surefire.junit4.JUnit4Provider.invoke(JUnit4Provider.java:112)
	at sun.reflect.NativeMethodAccessorImpl.invoke0(Native Method)
	at sun.reflect.NativeMethodAccessorImpl.invoke(NativeMethodAccessorImpl.java:62)
	at sun.reflect.DelegatingMethodAccessorImpl.invoke(DelegatingMethodAccessorImpl.java:43)
	at java.lang.reflect.Method.invoke(Method.java:483)
	at org.apache.maven.surefire.util.ReflectionUtils.invokeMethodWithArray(ReflectionUtils.java:189)
	at org.apache.maven.surefire.booter.ProviderFactory$ProviderProxy.invoke(ProviderFactory.java:165)
	at org.apache.maven.surefire.booter.ProviderFactory.invokeProvider(ProviderFactory.java:85)
	at org.apache.maven.surefire.booter.ForkedBooter.runSuitesInProcess(ForkedBooter.java:115)
	at org.apache.maven.surefire.booter.ForkedBooter.main(ForkedBooter.java:75)
</failure>
    <system-out>
MockHttpServletRequest:
         HTTP Method = GET
         Request URI = /rest/accounts/1
          Parameters = {}
             Headers = {}

             Handler:
                Type = firstapp.rest.mvc.AccountController
              Method = public org.springframework.http.ResponseEntity&lt;firstapp.rest.resources.AccountResource&gt; firstapp.rest.mvc.AccountController.getAccount(java.lang.Long)

               Async:
   Was async started = false
        Async result = null

  Resolved Exception:
                Type = null

        ModelAndView:
           View name = null
                View = null
               Model = null

            FlashMap:

MockHttpServletResponse:
              Status = 200
       Error message = null
             Headers = {Content-Type=[application/json;charset=UTF-8]}
        Content type = application/json;charset=UTF-8
                Body = {&quot;name&quot;:&quot;test&quot;,&quot;links&quot;:[{&quot;rel&quot;:&quot;self&quot;,&quot;href&quot;:&quot;http://localhost/rest/accounts/1&quot;}]}
       Forwarded URL = null
      Redirected URL = null
             Cookies = []
</system-out>
    <system-err>Jan 25, 2015 1:54:13 PM org.springframework.test.web.servlet.setup.StandaloneMockMvcBuilder$StaticRequestMappingHandlerMapping registerHandlerMethod
INFO: Mapped &quot;{[/rest/accounts/{accountId}/blogs],methods=[POST],params=[],headers=[],consumes=[],produces=[],custom=[]}&quot; onto public org.springframework.http.ResponseEntity&lt;firstapp.rest.resources.BlogResource&gt; firstapp.rest.mvc.AccountController.createBlog(java.lang.Long,firstapp.rest.resources.BlogResource)
Jan 25, 2015 1:54:13 PM org.springframework.test.web.servlet.setup.StandaloneMockMvcBuilder$StaticRequestMappingHandlerMapping registerHandlerMethod
INFO: Mapped &quot;{[/rest/accounts],methods=[POST],params=[],headers=[],consumes=[],produces=[],custom=[]}&quot; onto public org.springframework.http.ResponseEntity&lt;firstapp.rest.resources.AccountResource&gt; firstapp.rest.mvc.AccountController.createAccount(firstapp.rest.resources.AccountResource)
Jan 25, 2015 1:54:13 PM org.springframework.test.web.servlet.setup.StandaloneMockMvcBuilder$StaticRequestMappingHandlerMapping registerHandlerMethod
INFO: Mapped &quot;{[/rest/accounts/{accountId}],methods=[GET],params=[],headers=[],consumes=[],produces=[],custom=[]}&quot; onto public org.springframework.http.ResponseEntity&lt;firstapp.rest.resources.AccountResource&gt; firstapp.rest.mvc.AccountController.getAccount(java.lang.Long)
Jan 25, 2015 1:54:13 PM org.springframework.web.servlet.mvc.method.annotation.RequestMappingHandlerAdapter initControllerAdviceCache
INFO: Looking for @ControllerAdvice: org.springframework.test.web.servlet.setup.StubWebApplicationContext@51bf5add
Jan 25, 2015 1:54:13 PM org.springframework.mock.web.MockServletContext log
INFO: Initializing Spring FrameworkServlet &apos;&apos;
Jan 25, 2015 1:54:13 PM org.springframework.test.web.servlet.TestDispatcherServlet initServletBean
INFO: FrameworkServlet &apos;&apos;: initialization started
Jan 25, 2015 1:54:13 PM org.springframework.test.web.servlet.TestDispatcherServlet initServletBean
INFO: FrameworkServlet &apos;&apos;: initialization completed in 1 ms
SLF4J: Failed to load class &quot;org.slf4j.impl.StaticLoggerBinder&quot;.
SLF4J: Defaulting to no-operation (NOP) logger implementation
SLF4J: See http://www.slf4j.org/codes.html#StaticLoggerBinder for further details.
</system-err>
  </testcase>
  <testcase classname="firstapp.mvc.AccountControllerTest" name="createAccountExistingUsername" time="0.024"/>
  <testcase classname="firstapp.mvc.AccountControllerTest" name="createBlogExistingBlogName" time="0.031"/>
  <testcase classname="firstapp.mvc.AccountControllerTest" name="createBlogExistingAccount" time="0.073"/>
  <testcase classname="firstapp.mvc.AccountControllerTest" name="createAccountNonExistingUsername" time="0.05"/>
  <testcase classname="firstapp.mvc.AccountControllerTest" name="getNonExistingAccount" time="0.019"/>
</testsuite>